
Sun Mar 23 2025 12:31:33:276 GMT+0530 (India Standard Time) -- [WARNING] Skipping initialisation of configuration console because: port already in use by another Binary
Sun Mar 23 2025 12:31:34:227 GMT+0530 (India Standard Time) -- [SUCCESS] You can now access your local server(s) in our remote browser

Sun Mar 23 2025 12:31:34:300 GMT+0530 (India Standard Time) -- Press Ctrl-C to exit



Sun Mar 23 2025 13:21:43:266 GMT+0530 (India Standard Time) -- [WARNING] Skipping initialisation of configuration console because: port already in use by another Binary
Sun Mar 23 2025 13:21:44:104 GMT+0530 (India Standard Time) -- [SUCCESS] You can now access your local server(s) in our remote browser

Sun Mar 23 2025 13:21:44:270 GMT+0530 (India Standard Time) -- Press Ctrl-C to exit



Sun Mar 23 2025 14:15:29:155 GMT+0530 (India Standard Time) -- [WARNING] Skipping initialisation of configuration console because: port already in use by another Binary
Sun Mar 23 2025 14:15:30:54 GMT+0530 (India Standard Time) -- [SUCCESS] You can now access your local server(s) in our remote browser

Sun Mar 23 2025 14:15:30:220 GMT+0530 (India Standard Time) -- Press Ctrl-C to exit



Sun Mar 23 2025 14:29:20:425 GMT+0530 (India Standard Time) -- [WARNING] Skipping initialisation of configuration console because: port already in use by another Binary
Sun Mar 23 2025 14:29:21:467 GMT+0530 (India Standard Time) -- [SUCCESS] You can now access your local server(s) in our remote browser

Sun Mar 23 2025 14:29:21:527 GMT+0530 (India Standard Time) -- Received runtime exception: Error: write EPIPE
    at afterWriteDispatched (internal/stream_base_commons.js:78:25)
    at writeGeneric (internal/stream_base_commons.js:73:3)
    at Socket._writeGeneric (net.js:714:5)
    at Socket._write (net.js:726:8)
    at doWrite (_stream_writable.js:415:12)
    at writeOrBuffer (_stream_writable.js:399:5)
    at Socket.Writable.write (_stream_writable.js:299:11)
    at bslocal.js:1:12163507
    at Array.forEach (<anonymous>)
    at i (bslocal.js:1:12163473)
Sun Mar 23 2025 14:29:21:528 GMT+0530 (India Standard Time) -- Exiting.
Sun Mar 23 2025 14:29:21:634 GMT+0530 (India Standard Time) -- Press Ctrl-C to exit



Sun Mar 23 2025 14:30:36:811 GMT+0530 (India Standard Time) -- [WARNING] Skipping initialisation of configuration console because: port already in use by another Binary
Sun Mar 23 2025 14:30:37:639 GMT+0530 (India Standard Time) -- [SUCCESS] You can now access your local server(s) in our remote browser

Sun Mar 23 2025 14:30:37:753 GMT+0530 (India Standard Time) -- Press Ctrl-C to exit



Sun Mar 23 2025 14:36:55:377 GMT+0530 (India Standard Time) -- [WARNING] Skipping initialisation of configuration console because: port already in use by another Binary
Sun Mar 23 2025 14:36:56:526 GMT+0530 (India Standard Time) -- [SUCCESS] You can now access your local server(s) in our remote browser

Sun Mar 23 2025 14:36:56:690 GMT+0530 (India Standard Time) -- Press Ctrl-C to exit



Sun Mar 23 2025 14:51:07:704 GMT+0530 (India Standard Time) -- [WARNING] Skipping initialisation of configuration console because: port already in use by another Binary
Sun Mar 23 2025 14:51:08:597 GMT+0530 (India Standard Time) -- [SUCCESS] You can now access your local server(s) in our remote browser

Sun Mar 23 2025 14:51:08:948 GMT+0530 (India Standard Time) -- Press Ctrl-C to exit



Sun Mar 23 2025 14:55:29:845 GMT+0530 (India Standard Time) -- [WARNING] Skipping initialisation of configuration console because: port already in use by another Binary
Sun Mar 23 2025 14:55:30:696 GMT+0530 (India Standard Time) -- [SUCCESS] You can now access your local server(s) in our remote browser

Sun Mar 23 2025 14:55:30:821 GMT+0530 (India Standard Time) -- Press Ctrl-C to exit



Sun Mar 23 2025 15:00:10:860 GMT+0530 (India Standard Time) -- [WARNING] Skipping initialisation of configuration console because: port already in use by another Binary
Sun Mar 23 2025 15:00:11:696 GMT+0530 (India Standard Time) -- [SUCCESS] You can now access your local server(s) in our remote browser

Sun Mar 23 2025 15:00:11:861 GMT+0530 (India Standard Time) -- Press Ctrl-C to exit



Sun Mar 23 2025 15:10:46:482 GMT+0530 (India Standard Time) -- [WARNING] Skipping initialisation of configuration console because: port already in use by another Binary
Sun Mar 23 2025 15:10:47:349 GMT+0530 (India Standard Time) -- [SUCCESS] You can now access your local server(s) in our remote browser

Sun Mar 23 2025 15:10:47:511 GMT+0530 (India Standard Time) -- Press Ctrl-C to exit



Sun Mar 23 2025 15:18:27:294 GMT+0530 (India Standard Time) -- [WARNING] Skipping initialisation of configuration console because: port already in use by another Binary
Sun Mar 23 2025 15:18:28:251 GMT+0530 (India Standard Time) -- [SUCCESS] You can now access your local server(s) in our remote browser

Sun Mar 23 2025 15:18:28:342 GMT+0530 (India Standard Time) -- Press Ctrl-C to exit



Sun Mar 23 2025 15:24:01:992 GMT+0530 (India Standard Time) -- [WARNING] Skipping initialisation of configuration console because: port already in use by another Binary
Sun Mar 23 2025 15:24:03:247 GMT+0530 (India Standard Time) -- [SUCCESS] You can now access your local server(s) in our remote browser

Sun Mar 23 2025 15:24:03:308 GMT+0530 (India Standard Time) -- Press Ctrl-C to exit



Sun Mar 23 2025 15:27:04:790 GMT+0530 (India Standard Time) -- [WARNING] Skipping initialisation of configuration console because: port already in use by another Binary
Sun Mar 23 2025 15:27:05:746 GMT+0530 (India Standard Time) -- [SUCCESS] You can now access your local server(s) in our remote browser

Sun Mar 23 2025 15:27:05:873 GMT+0530 (India Standard Time) -- Press Ctrl-C to exit



Sun Mar 23 2025 15:36:23:59 GMT+0530 (India Standard Time) -- [WARNING] Skipping initialisation of configuration console because: port already in use by another Binary
Sun Mar 23 2025 15:36:23:921 GMT+0530 (India Standard Time) -- [SUCCESS] You can now access your local server(s) in our remote browser

Sun Mar 23 2025 15:36:24:91 GMT+0530 (India Standard Time) -- Press Ctrl-C to exit



Sun Mar 23 2025 15:50:33:522 GMT+0530 (India Standard Time) -- [WARNING] Skipping initialisation of configuration console because: port already in use by another Binary
Sun Mar 23 2025 15:50:34:343 GMT+0530 (India Standard Time) -- [SUCCESS] You can now access your local server(s) in our remote browser

Sun Mar 23 2025 15:50:34:506 GMT+0530 (India Standard Time) -- Press Ctrl-C to exit



Sun Mar 23 2025 15:57:43:359 GMT+0530 (India Standard Time) -- [WARNING] Skipping initialisation of configuration console because: port already in use by another Binary
Sun Mar 23 2025 15:57:45:860 GMT+0530 (India Standard Time) -- [SUCCESS] You can now access your local server(s) in our remote browser

Sun Mar 23 2025 15:57:46:2 GMT+0530 (India Standard Time) -- Press Ctrl-C to exit


